[[1;34mINFO[m] Scanning for projects...
[[1;34mINFO[m] 
[[1;34mINFO[m] [1m------------------< [0;36morg.apache.maven:standalone-pom[0;1m >-------------------[m
[[1;34mINFO[m] [1mBuilding Maven Stub Project (No POM) 1[m
[[1;34mINFO[m] [1m--------------------------------[ pom ]---------------------------------[m
[[1;34mINFO[m] 
[[1;34mINFO[m] [1m>>> [0;32mmaven-archetype-plugin:3.2.0:generate[m [1m(default-cli)[0;1m > [0;1mgenerate-sources[m @ [36mstandalone-pom[0;1m >>>[m
[[1;34mINFO[m] 
[[1;34mINFO[m] [1m<<< [0;32mmaven-archetype-plugin:3.2.0:generate[m [1m(default-cli)[0;1m < [0;1mgenerate-sources[m @ [36mstandalone-pom[0;1m <<<[m
[[1;34mINFO[m] 
[[1;34mINFO[m] 
[[1;34mINFO[m] [1m--- [0;32mmaven-archetype-plugin:3.2.0:generate[m [1m(default-cli)[m @ [36mstandalone-pom[0;1m ---[m
[[1;34mINFO[m] Generating project in Batch mode
[[1;34mINFO[m] ----------------------------------------------------------------------------
[[1;34mINFO[m] Using following parameters for creating project from Archetype: maven-archetype-quickstart:1.4
[[1;34mINFO[m] ----------------------------------------------------------------------------
[[1;34mINFO[m] Parameter: groupId, Value: com.cis4615.app
[[1;34mINFO[m] Parameter: artifactId, Value: h4
[[1;34mINFO[m] Parameter: version, Value: 1.0-SNAPSHOT
[[1;34mINFO[m] Parameter: package, Value: com.cis4615.app
[[1;34mINFO[m] Parameter: packageInPathFormat, Value: com/cis4615/app
[[1;34mINFO[m] Parameter: package, Value: com.cis4615.app
[[1;34mINFO[m] Parameter: groupId, Value: com.cis4615.app
[[1;34mINFO[m] Parameter: artifactId, Value: h4
[[1;34mINFO[m] Parameter: version, Value: 1.0-SNAPSHOT
[[1;34mINFO[m] [1m------------------------------------------------------------------------[m
[[1;34mINFO[m] [1;31mBUILD FAILURE[m
[[1;34mINFO[m] [1m------------------------------------------------------------------------[m
[[1;34mINFO[m] Total time:  6.618 s
[[1;34mINFO[m] Finished at: 2020-11-29T05:59:40-05:00
[[1;34mINFO[m] [1m------------------------------------------------------------------------[m
[[1;31mERROR[m] Failed to execute goal [32morg.apache.maven.plugins:maven-archetype-plugin:3.2.0:generate[m [1m(default-cli)[m on project [36mstandalone-pom[m: [1;31mA Maven project already exists in the directory /home/phillip/h4[m -> [1m[Help 1][m
[[1;31mERROR[m] 
[[1;31mERROR[m] To see the full stack trace of the errors, re-run Maven with the [1m-e[m switch.
[[1;31mERROR[m] Re-run Maven using the [1m-X[m switch to enable full debug logging.
[[1;31mERROR[m] 
[[1;31mERROR[m] For more information about the errors and possible solutions, please read the following articles:
[[1;31mERROR[m] [1m[Help 1][m http://cwiki.apache.org/confluence/display/MAVEN/MojoFailureException
[0m[0m[[1;34mINFO[m] Scanning for projects...
[[1;34mINFO[m] 
[[1;34mINFO[m] [1m-------------------------< [0;36mcom.cis4615.app:h4[0;1m >-------------------------[m
[[1;34mINFO[m] [1mBuilding h4 1.0-SNAPSHOT[m
[[1;34mINFO[m] [1m--------------------------------[ jar ]---------------------------------[m
[[1;34mINFO[m] 
[[1;34mINFO[m] [1m--- [0;32mmaven-resources-plugin:3.0.2:resources[m [1m(default-resources)[m @ [36mh4[0;1m ---[m
[[1;34mINFO[m] Using 'UTF-8' encoding to copy filtered resources.
[[1;34mINFO[m] skip non existing resourceDirectory /home/phillip/h4/src/main/resources
[[1;34mINFO[m] 
[[1;34mINFO[m] [1m--- [0;32mmaven-compiler-plugin:3.8.0:compile[m [1m(default-compile)[m @ [36mh4[0;1m ---[m
[[1;34mINFO[m] Nothing to compile - all classes are up to date
[[1;34mINFO[m] 
[[1;34mINFO[m] [1m--- [0;32mmaven-resources-plugin:3.0.2:testResources[m [1m(default-testResources)[m @ [36mh4[0;1m ---[m
[[1;34mINFO[m] Using 'UTF-8' encoding to copy filtered resources.
[[1;34mINFO[m] skip non existing resourceDirectory /home/phillip/h4/src/test/resources
[[1;34mINFO[m] 
[[1;34mINFO[m] [1m--- [0;32mmaven-compiler-plugin:3.8.0:testCompile[m [1m(default-testCompile)[m @ [36mh4[0;1m ---[m
[[1;34mINFO[m] Nothing to compile - all classes are up to date
[[1;34mINFO[m] 
[[1;34mINFO[m] [1m--- [0;32mmaven-surefire-plugin:2.22.1:test[m [1m(default-test)[m @ [36mh4[0;1m ---[m
[[1;34mINFO[m] 
[[1;34mINFO[m] -------------------------------------------------------
[[1;34mINFO[m]  T E S T S
[[1;34mINFO[m] -------------------------------------------------------
[[1;34mINFO[m] Running com.cis4615.app.[1mAppTest[m
[[1;34mINFO[m] [1;32mTests run: [0;1;32m1[m, Failures: 0, Errors: 0, Skipped: 0, Time elapsed: 0.124 s - in com.cis4615.app.[1mAppTest[m
[[1;34mINFO[m] 
[[1;34mINFO[m] Results:
[[1;34mINFO[m] 
[[1;34mINFO[m] [1;32mTests run: 1, Failures: 0, Errors: 0, Skipped: 0[m
[[1;34mINFO[m] 
[[1;34mINFO[m] 
[[1;34mINFO[m] [1m--- [0;32mmaven-jar-plugin:3.0.2:jar[m [1m(default-jar)[m @ [36mh4[0;1m ---[m
[[1;34mINFO[m] [1m------------------------------------------------------------------------[m
[[1;34mINFO[m] [1;32mBUILD SUCCESS[m
[[1;34mINFO[m] [1m------------------------------------------------------------------------[m
[[1;34mINFO[m] Total time:  5.420 s
[[1;34mINFO[m] Finished at: 2020-11-29T05:59:50-05:00
[[1;34mINFO[m] [1m------------------------------------------------------------------------[m
Hello World!

Testing /home/phillip...

Organization:      ptatg
Package manager:   maven
Target file:       pom.xml
Project name:      com.cis4615.app:h4
Open source:       no
Project path:      /home/phillip
Licenses:          enabled

âœ“ Tested /home/phillip for known issues, no vulnerable paths found.

Tip: Detected multiple supported manifests (1), use --all-projects to scan all of them at once.

Next steps:
- Run `snyk monitor` to be notified about new related vulnerabilities.
- Run `snyk test` as part of your CI/test.

